<?xml version="1.0" encoding="UTF-8"?>
<!-- Generated by org.testng.reporters.JUnitReportReporter -->
<testsuite hostname="LAPTOP-KNHGPORF" failures="0" tests="1" name="testCase.Testcase_UseCase" time="11.307" errors="0" timestamp="2025-01-02T08:19:50 IST" skipped="0">
  <testcase classname="testCase.Testcase_UseCase" name="UseCase1" time="11.307"/>
</testsuite> <!-- testCase.Testcase_UseCase -->
