<?xml version="1.0" encoding="UTF-8"?>
<!-- Generated by org.testng.reporters.JUnitReportReporter -->
<testsuite hostname="LAPTOP-KNHGPORF" failures="0" tests="1" name="testCase.Testcase_datadropdown_intoExcel" time="6.512" errors="0" timestamp="2025-01-01T09:33:32 IST" skipped="0">
  <testcase classname="testCase.Testcase_datadropdown_intoExcel" name="WritetoEcel" time="6.512"/>
</testsuite> <!-- testCase.Testcase_datadropdown_intoExcel -->
