<?xml version="1.0" encoding="UTF-8"?>
<!-- Generated by org.testng.reporters.JUnitReportReporter -->
<testsuite hostname="LAPTOP-KNHGPORF" failures="0" tests="2" name="testCase.Test_User_Case2" time="19.145" errors="0" timestamp="2025-01-02T08:19:50 IST" skipped="0">
  <testcase classname="testCase.Test_User_Case2" name="login_Testcase_valid" time="7.042"/>
  <testcase classname="testCase.Test_User_Case2" name="login_Testcase_valid" time="12.103"/>
</testsuite> <!-- testCase.Test_User_Case2 -->
